<?xml version="1.0" encoding="UTF-8"?>
<coverage generated="1725111215239" clover="3.2.0">
  <project timestamp="1725111215239" name="All files">
    <metrics statements="300" coveredstatements="238" conditionals="143" coveredconditionals="103" methods="37" coveredmethods="33" elements="480" coveredelements="374" complexity="0" loc="300" ncloc="300" packages="1" files="4" classes="4"/>
    <file name="CanvasHandler.ts" path="C:\Users\BrunoSartori\Documents\Projects\weeb-logger\logger\src\CanvasHandler.ts">
      <metrics statements="77" coveredstatements="76" conditionals="15" coveredconditionals="11" methods="9" coveredmethods="9"/>
      <line num="1" count="1" type="stmt"/>
      <line num="12" count="6" type="stmt"/>
      <line num="13" count="6" type="stmt"/>
      <line num="14" count="6" type="stmt"/>
      <line num="15" count="6" type="stmt"/>
      <line num="17" count="6" type="stmt"/>
      <line num="30" count="2" type="stmt"/>
      <line num="32" count="2" type="stmt"/>
      <line num="33" count="2" type="stmt"/>
      <line num="34" count="2" type="stmt"/>
      <line num="35" count="2" type="stmt"/>
      <line num="38" count="2" type="stmt"/>
      <line num="40" count="34" type="stmt"/>
      <line num="41" count="34" type="stmt"/>
      <line num="42" count="34" type="stmt"/>
      <line num="44" count="34" type="cond" truecount="4" falsecount="0"/>
      <line num="46" count="2" type="cond" truecount="1" falsecount="1"/>
      <line num="48" count="2" type="stmt"/>
      <line num="50" count="2" type="stmt"/>
      <line num="51" count="2" type="stmt"/>
      <line num="55" count="32" type="stmt"/>
      <line num="58" count="34" type="cond" truecount="1" falsecount="0"/>
      <line num="59" count="2" type="stmt"/>
      <line num="64" count="2" type="stmt"/>
      <line num="68" count="2" type="stmt"/>
      <line num="70" count="2" type="cond" truecount="2" falsecount="1"/>
      <line num="71" count="2" type="stmt"/>
      <line num="72" count="2" type="stmt"/>
      <line num="73" count="2" type="stmt"/>
      <line num="77" count="0" type="stmt"/>
      <line num="81" count="2" type="stmt"/>
      <line num="82" count="2" type="stmt"/>
      <line num="83" count="2" type="stmt"/>
      <line num="84" count="2" type="stmt"/>
      <line num="88" count="2" type="stmt"/>
      <line num="92" count="2" type="stmt"/>
      <line num="93" count="2" type="stmt"/>
      <line num="94" count="2" type="stmt"/>
      <line num="95" count="2" type="stmt"/>
      <line num="96" count="2" type="stmt"/>
      <line num="97" count="1" type="stmt"/>
      <line num="98" count="1" type="stmt"/>
      <line num="99" count="1" type="cond" truecount="1" falsecount="1"/>
      <line num="100" count="1" type="stmt"/>
      <line num="101" count="2" type="stmt"/>
      <line num="105" count="2" type="stmt"/>
      <line num="109" count="1" type="stmt"/>
      <line num="110" count="1" type="stmt"/>
      <line num="111" count="1" type="stmt"/>
      <line num="112" count="1" type="stmt"/>
      <line num="113" count="1" type="stmt"/>
      <line num="115" count="1" type="stmt"/>
      <line num="116" count="1" type="cond" truecount="1" falsecount="1"/>
      <line num="117" count="1" type="stmt"/>
      <line num="118" count="2" type="stmt"/>
      <line num="119" count="2" type="stmt"/>
      <line num="120" count="2" type="stmt"/>
      <line num="121" count="2" type="stmt"/>
      <line num="123" count="2" type="stmt"/>
      <line num="124" count="2" type="stmt"/>
      <line num="125" count="2" type="stmt"/>
      <line num="127" count="2" type="cond" truecount="1" falsecount="0"/>
      <line num="128" count="1" type="stmt"/>
      <line num="129" count="1" type="stmt"/>
      <line num="130" count="1" type="stmt"/>
      <line num="132" count="1" type="stmt"/>
      <line num="133" count="1" type="stmt"/>
      <line num="136" count="2" type="stmt"/>
      <line num="140" count="1" type="stmt"/>
      <line num="144" count="2" type="stmt"/>
      <line num="146" count="2" type="stmt"/>
      <line num="147" count="1" type="stmt"/>
      <line num="152" count="2" type="stmt"/>
      <line num="154" count="2" type="stmt"/>
      <line num="155" count="2" type="stmt"/>
      <line num="156" count="2" type="stmt"/>
      <line num="160" count="1" type="stmt"/>
    </file>
    <file name="constants.ts" path="C:\Users\BrunoSartori\Documents\Projects\weeb-logger\logger\src\constants.ts">
      <metrics statements="5" coveredstatements="5" conditionals="0" coveredconditionals="0" methods="0" coveredmethods="0"/>
      <line num="1" count="1" type="stmt"/>
      <line num="3" count="1" type="stmt"/>
      <line num="5" count="1" type="stmt"/>
      <line num="12" count="1" type="stmt"/>
      <line num="17" count="1" type="stmt"/>
    </file>
    <file name="index.ts" path="C:\Users\BrunoSartori\Documents\Projects\weeb-logger\logger\src\index.ts">
      <metrics statements="167" coveredstatements="113" conditionals="100" coveredconditionals="66" methods="16" coveredmethods="13"/>
      <line num="1" count="1" type="stmt"/>
      <line num="2" count="1" type="stmt"/>
      <line num="3" count="1" type="stmt"/>
      <line num="4" count="1" type="stmt"/>
      <line num="8" count="1" type="cond" truecount="2" falsecount="0"/>
      <line num="10" count="1" type="stmt"/>
      <line num="29" count="1" type="stmt"/>
      <line num="30" count="1" type="stmt"/>
      <line num="39" count="6" type="cond" truecount="2" falsecount="0"/>
      <line num="44" count="14" type="stmt"/>
      <line num="62" count="14" type="stmt"/>
      <line num="64" count="14" type="cond" truecount="4" falsecount="0"/>
      <line num="65" count="6" type="stmt"/>
      <line num="66" count="6" type="stmt"/>
      <line num="67" count="6" type="stmt"/>
      <line num="68" count="6" type="stmt"/>
      <line num="69" count="6" type="stmt"/>
      <line num="71" count="6" type="stmt"/>
      <line num="73" count="6" type="cond" truecount="1" falsecount="1"/>
      <line num="74" count="0" type="stmt"/>
      <line num="76" count="6" type="stmt"/>
      <line num="78" count="6" type="stmt"/>
      <line num="182" count="6" type="stmt"/>
      <line num="183" count="6" type="stmt"/>
      <line num="186" count="6" type="cond" truecount="1" falsecount="1"/>
      <line num="188" count="0" type="stmt"/>
      <line num="190" count="6" type="stmt"/>
      <line num="193" count="6" type="cond" truecount="1" falsecount="1"/>
      <line num="194" count="6" type="stmt"/>
      <line num="196" count="6" type="stmt"/>
      <line num="197" count="6" type="stmt"/>
      <line num="198" count="6" type="stmt"/>
      <line num="199" count="6" type="stmt"/>
      <line num="201" count="6" type="cond" truecount="1" falsecount="0"/>
      <line num="202" count="6" type="stmt"/>
      <line num="204" count="6" type="stmt"/>
      <line num="205" count="6" type="stmt"/>
      <line num="206" count="6" type="stmt"/>
      <line num="207" count="6" type="stmt"/>
      <line num="209" count="6" type="stmt"/>
      <line num="212" count="6" type="cond" truecount="4" falsecount="0"/>
      <line num="214" count="1" type="stmt"/>
      <line num="215" count="1" type="stmt"/>
      <line num="216" count="1" type="stmt"/>
      <line num="217" count="1" type="stmt"/>
      <line num="219" count="1" type="stmt"/>
      <line num="220" count="1" type="stmt"/>
      <line num="221" count="1" type="stmt"/>
      <line num="222" count="1" type="stmt"/>
      <line num="224" count="3" type="stmt"/>
      <line num="225" count="3" type="stmt"/>
      <line num="226" count="3" type="stmt"/>
      <line num="227" count="3" type="stmt"/>
      <line num="229" count="1" type="stmt"/>
      <line num="230" count="1" type="stmt"/>
      <line num="231" count="1" type="stmt"/>
      <line num="232" count="1" type="stmt"/>
      <line num="235" count="6" type="stmt"/>
      <line num="236" count="6" type="stmt"/>
      <line num="237" count="6" type="stmt"/>
      <line num="238" count="6" type="stmt"/>
      <line num="240" count="6" type="stmt"/>
      <line num="241" count="6" type="stmt"/>
      <line num="243" count="6" type="stmt"/>
      <line num="245" count="6" type="stmt"/>
      <line num="251" count="6" type="cond" truecount="1" falsecount="0"/>
      <line num="252" count="6" type="stmt"/>
      <line num="253" count="6" type="stmt"/>
      <line num="254" count="6" type="stmt"/>
      <line num="255" count="6" type="stmt"/>
      <line num="256" count="6" type="stmt"/>
      <line num="257" count="6" type="stmt"/>
      <line num="258" count="6" type="stmt"/>
      <line num="259" count="6" type="stmt"/>
      <line num="260" count="6" type="stmt"/>
      <line num="261" count="6" type="stmt"/>
      <line num="262" count="6" type="stmt"/>
      <line num="263" count="0" type="stmt"/>
      <line num="264" count="0" type="stmt"/>
      <line num="265" count="0" type="stmt"/>
      <line num="266" count="0" type="stmt"/>
      <line num="267" count="0" type="stmt"/>
      <line num="268" count="0" type="stmt"/>
      <line num="269" count="0" type="stmt"/>
      <line num="270" count="0" type="stmt"/>
      <line num="271" count="0" type="stmt"/>
      <line num="274" count="6" type="stmt"/>
      <line num="275" count="0" type="cond" truecount="0" falsecount="2"/>
      <line num="276" count="0" type="stmt"/>
      <line num="277" count="0" type="stmt"/>
      <line num="278" count="0" type="cond" truecount="0" falsecount="1"/>
      <line num="279" count="0" type="stmt"/>
      <line num="280" count="0" type="stmt"/>
      <line num="282" count="0" type="cond" truecount="0" falsecount="1"/>
      <line num="283" count="0" type="stmt"/>
      <line num="287" count="0" type="cond" truecount="0" falsecount="2"/>
      <line num="288" count="0" type="stmt"/>
      <line num="289" count="0" type="stmt"/>
      <line num="290" count="0" type="cond" truecount="0" falsecount="1"/>
      <line num="291" count="0" type="stmt"/>
      <line num="292" count="0" type="stmt"/>
      <line num="294" count="0" type="cond" truecount="0" falsecount="1"/>
      <line num="295" count="0" type="stmt"/>
      <line num="296" count="0" type="stmt"/>
      <line num="300" count="0" type="cond" truecount="0" falsecount="2"/>
      <line num="301" count="0" type="stmt"/>
      <line num="302" count="0" type="stmt"/>
      <line num="303" count="0" type="cond" truecount="0" falsecount="1"/>
      <line num="304" count="0" type="stmt"/>
      <line num="305" count="0" type="stmt"/>
      <line num="307" count="0" type="cond" truecount="0" falsecount="1"/>
      <line num="308" count="0" type="stmt"/>
      <line num="309" count="0" type="stmt"/>
      <line num="314" count="0" type="stmt"/>
      <line num="315" count="0" type="stmt"/>
      <line num="316" count="0" type="cond" truecount="0" falsecount="1"/>
      <line num="317" count="0" type="stmt"/>
      <line num="318" count="0" type="stmt"/>
      <line num="319" count="0" type="stmt"/>
      <line num="321" count="0" type="cond" truecount="0" falsecount="1"/>
      <line num="322" count="0" type="stmt"/>
      <line num="323" count="0" type="stmt"/>
      <line num="328" count="0" type="stmt"/>
      <line num="331" count="6" type="stmt"/>
      <line num="332" count="0" type="stmt"/>
      <line num="339" count="12" type="stmt"/>
      <line num="341" count="12" type="cond" truecount="1" falsecount="1"/>
      <line num="342" count="0" type="cond" truecount="0" falsecount="2"/>
      <line num="343" count="0" type="stmt"/>
      <line num="344" count="0" type="stmt"/>
      <line num="346" count="0" type="cond" truecount="0" falsecount="2"/>
      <line num="349" count="0" type="cond" truecount="0" falsecount="2"/>
      <line num="351" count="12" type="cond" truecount="1" falsecount="0"/>
      <line num="352" count="1" type="stmt"/>
      <line num="355" count="12" type="stmt"/>
      <line num="356" count="12" type="stmt"/>
      <line num="358" count="12" type="stmt"/>
      <line num="362" count="12" type="stmt"/>
      <line num="364" count="12" type="cond" truecount="1" falsecount="0"/>
      <line num="365" count="1" type="stmt"/>
      <line num="368" count="12" type="stmt"/>
      <line num="370" count="12" type="stmt"/>
      <line num="374" count="13" type="cond" truecount="1" falsecount="0"/>
      <line num="375" count="12" type="stmt"/>
      <line num="376" count="12" type="stmt"/>
      <line num="378" count="12" type="stmt"/>
      <line num="379" count="12" type="cond" truecount="2" falsecount="0"/>
      <line num="380" count="12" type="stmt"/>
      <line num="382" count="12" type="stmt"/>
      <line num="383" count="12" type="cond" truecount="3" falsecount="0"/>
      <line num="384" count="1" type="stmt"/>
      <line num="387" count="12" type="cond" truecount="4" falsecount="0"/>
      <line num="389" count="12" type="cond" truecount="1" falsecount="1"/>
      <line num="390" count="12" type="stmt"/>
      <line num="392" count="12" type="stmt"/>
      <line num="394" count="0" type="stmt"/>
      <line num="405" count="2" type="stmt"/>
      <line num="406" count="2" type="stmt"/>
      <line num="410" count="1" type="stmt"/>
      <line num="411" count="1" type="stmt"/>
      <line num="412" count="1" type="stmt"/>
      <line num="416" count="5" type="stmt"/>
      <line num="420" count="2" type="stmt"/>
      <line num="424" count="2" type="stmt"/>
      <line num="428" count="2" type="stmt"/>
      <line num="432" count="2" type="stmt"/>
      <line num="436" count="1" type="stmt"/>
    </file>
    <file name="utils.ts" path="C:\Users\BrunoSartori\Documents\Projects\weeb-logger\logger\src\utils.ts">
      <metrics statements="51" coveredstatements="44" conditionals="28" coveredconditionals="26" methods="12" coveredmethods="11"/>
      <line num="3" count="53" type="stmt"/>
      <line num="5" count="50" type="stmt"/>
      <line num="7" count="4" type="cond" truecount="4" falsecount="0"/>
      <line num="9" count="31" type="cond" truecount="6" falsecount="0"/>
      <line num="11" count="6" type="stmt"/>
      <line num="13" count="7" type="cond" truecount="4" falsecount="0"/>
      <line num="15" count="9" type="cond" truecount="4" falsecount="0"/>
      <line num="17" count="2" type="stmt"/>
      <line num="18" count="12" type="stmt"/>
      <line num="20" count="12" type="cond" truecount="0" falsecount="1"/>
      <line num="21" count="0" type="stmt"/>
      <line num="24" count="12" type="cond" truecount="0" falsecount="1"/>
      <line num="25" count="0" type="stmt"/>
      <line num="28" count="12" type="stmt"/>
      <line num="31" count="2" type="stmt"/>
      <line num="32" count="12" type="stmt"/>
      <line num="34" count="12" type="stmt"/>
      <line num="36" count="12" type="stmt"/>
      <line num="39" count="2" type="stmt"/>
      <line num="40" count="12" type="stmt"/>
      <line num="41" count="12" type="stmt"/>
      <line num="42" count="12" type="stmt"/>
      <line num="43" count="12" type="stmt"/>
      <line num="44" count="12" type="stmt"/>
      <line num="45" count="12" type="stmt"/>
      <line num="46" count="12" type="stmt"/>
      <line num="48" count="12" type="stmt"/>
      <line num="51" count="2" type="stmt"/>
      <line num="53" count="11" type="stmt"/>
      <line num="56" count="11" type="stmt"/>
      <line num="57" count="11" type="stmt"/>
      <line num="59" count="11" type="stmt"/>
      <line num="60" count="11" type="stmt"/>
      <line num="62" count="11" type="stmt"/>
      <line num="63" count="11" type="stmt"/>
      <line num="65" count="11" type="stmt"/>
      <line num="68" count="11" type="stmt"/>
      <line num="69" count="11" type="cond" truecount="1" falsecount="0"/>
      <line num="70" count="1" type="stmt"/>
      <line num="72" count="11" type="cond" truecount="3" falsecount="0"/>
      <line num="73" count="1" type="stmt"/>
      <line num="75" count="11" type="cond" truecount="4" falsecount="0"/>
      <line num="76" count="1" type="stmt"/>
      <line num="78" count="11" type="stmt"/>
      <line num="80" count="11" type="stmt"/>
      <line num="83" count="2" type="stmt"/>
      <line num="84" count="0" type="stmt"/>
      <line num="86" count="0" type="stmt"/>
      <line num="87" count="0" type="stmt"/>
      <line num="88" count="0" type="stmt"/>
      <line num="91" count="0" type="stmt"/>
    </file>
  </project>
</coverage>
