{"C:\\Users\\BrunoSartori\\Documents\\Projects\\logger\\src\\CanvasHandler.ts": {"path":"C:\\Users\\BrunoSartori\\Documents\\Projects\\logger\\src\\CanvasHandler.ts","statementMap":{"0":{"start":{"line":1,"column":0},"end":{"line":1,"column":59}},"1":{"start":{"line":12,"column":4},"end":{"line":12,"column":25}},"2":{"start":{"line":13,"column":4},"end":{"line":13,"column":19}},"3":{"start":{"line":14,"column":4},"end":{"line":14,"column":25}},"4":{"start":{"line":15,"column":4},"end":{"line":15,"column":46}},"5":{"start":{"line":17,"column":4},"end":{"line":17,"column":69}},"6":{"start":{"line":30,"column":12},"end":{"line":30,"column":18}},"7":{"start":{"line":32,"column":16},"end":{"line":32,"column":31}},"8":{"start":{"line":33,"column":15},"end":{"line":33,"column":17}},"9":{"start":{"line":34,"column":19},"end":{"line":34,"column":21}},"10":{"start":{"line":35,"column":67},"end":{"line":35,"column":69}},"11":{"start":{"line":38,"column":4},"end":{"line":61,"column":5}},"12":{"start":{"line":38,"column":17},"end":{"line":38,"column":18}},"13":{"start":{"line":40,"column":6},"end":{"line":40,"column":33}},"14":{"start":{"line":41,"column":20},"end":{"line":41,"column":50}},"15":{"start":{"line":42,"column":22},"end":{"line":42,"column":35}},"16":{"start":{"line":44,"column":6},"end":{"line":56,"column":7}},"17":{"start":{"line":46,"column":8},"end":{"line":46,"column":89}},"18":{"start":{"line":48,"column":8},"end":{"line":48,"column":51}},"19":{"start":{"line":50,"column":8},"end":{"line":50,"column":30}},"20":{"start":{"line":51,"column":8},"end":{"line":51,"column":34}},"21":{"start":{"line":55,"column":8},"end":{"line":55,"column":31}},"22":{"start":{"line":58,"column":6},"end":{"line":60,"column":7}},"23":{"start":{"line":59,"column":8},"end":{"line":59,"column":58}},"24":{"start":{"line":64,"column":4},"end":{"line":64,"column":21}},"25":{"start":{"line":68,"column":30},"end":{"line":68,"column":66}},"26":{"start":{"line":70,"column":4},"end":{"line":75,"column":5}},"27":{"start":{"line":71,"column":6},"end":{"line":71,"column":82}},"28":{"start":{"line":72,"column":6},"end":{"line":72,"column":34}},"29":{"start":{"line":73,"column":6},"end":{"line":73,"column":18}},"30":{"start":{"line":77,"column":4},"end":{"line":77,"column":null}},"31":{"start":{"line":81,"column":4},"end":{"line":81,"column":20}},"32":{"start":{"line":82,"column":4},"end":{"line":82,"column":37}},"33":{"start":{"line":83,"column":30},"end":{"line":83,"column":45}},"34":{"start":{"line":84,"column":4},"end":{"line":84,"column":null}},"35":{"start":{"line":88,"column":4},"end":{"line":88,"column":null}},"36":{"start":{"line":92,"column":4},"end":{"line":92,"column":51}},"37":{"start":{"line":93,"column":17},"end":{"line":93,"column":19}},"38":{"start":{"line":94,"column":18},"end":{"line":94,"column":35}},"39":{"start":{"line":95,"column":4},"end":{"line":95,"column":36}},"40":{"start":{"line":96,"column":4},"end":{"line":104,"column":5}},"41":{"start":{"line":96,"column":17},"end":{"line":96,"column":18}},"42":{"start":{"line":97,"column":18},"end":{"line":97,"column":25}},"43":{"start":{"line":98,"column":6},"end":{"line":103,"column":7}},"44":{"start":{"line":98,"column":19},"end":{"line":98,"column":20}},"45":{"start":{"line":99,"column":28},"end":{"line":99,"column":130}},"46":{"start":{"line":100,"column":8},"end":{"line":102,"column":9}},"47":{"start":{"line":100,"column":21},"end":{"line":100,"column":22}},"48":{"start":{"line":101,"column":10},"end":{"line":101,"column":58}},"49":{"start":{"line":105,"column":4},"end":{"line":105,"column":18}},"50":{"start":{"line":109,"column":22},"end":{"line":109,"column":67}},"51":{"start":{"line":110,"column":4},"end":{"line":110,"column":36}},"52":{"start":{"line":111,"column":4},"end":{"line":111,"column":35}},"53":{"start":{"line":112,"column":4},"end":{"line":112,"column":20}},"54":{"start":{"line":113,"column":18},"end":{"line":113,"column":35}},"55":{"start":{"line":115,"column":4},"end":{"line":138,"column":5}},"56":{"start":{"line":115,"column":17},"end":{"line":115,"column":18}},"57":{"start":{"line":116,"column":26},"end":{"line":116,"column":128}},"58":{"start":{"line":117,"column":6},"end":{"line":137,"column":7}},"59":{"start":{"line":117,"column":19},"end":{"line":117,"column":20}},"60":{"start":{"line":118,"column":21},"end":{"line":118,"column":40}},"61":{"start":{"line":119,"column":16},"end":{"line":119,"column":32}},"62":{"start":{"line":120,"column":18},"end":{"line":120,"column":34}},"63":{"start":{"line":121,"column":21},"end":{"line":121,"column":42}},"64":{"start":{"line":123,"column":8},"end":{"line":123,"column":39}},"65":{"start":{"line":124,"column":8},"end":{"line":124,"column":41}},"66":{"start":{"line":125,"column":8},"end":{"line":125,"column":49}},"67":{"start":{"line":127,"column":8},"end":{"line":134,"column":9}},"68":{"start":{"line":128,"column":10},"end":{"line":128,"column":41}},"69":{"start":{"line":129,"column":10},"end":{"line":129,"column":45}},"70":{"start":{"line":130,"column":10},"end":{"line":130,"column":53}},"71":{"start":{"line":132,"column":10},"end":{"line":132,"column":41}},"72":{"start":{"line":133,"column":10},"end":{"line":133,"column":43}},"73":{"start":{"line":136,"column":8},"end":{"line":136,"column":56}},"74":{"start":{"line":140,"column":4},"end":{"line":140,"column":23}},"75":{"start":{"line":144,"column":4},"end":{"line":144,"column":51}},"76":{"start":{"line":146,"column":4},"end":{"line":148,"column":5}},"77":{"start":{"line":146,"column":17},"end":{"line":146,"column":18}},"78":{"start":{"line":147,"column":6},"end":{"line":147,"column":28}},"79":{"start":{"line":152,"column":4},"end":{"line":152,"column":52}},"80":{"start":{"line":154,"column":4},"end":{"line":154,"column":19}},"81":{"start":{"line":155,"column":4},"end":{"line":155,"column":20}},"82":{"start":{"line":156,"column":4},"end":{"line":156,"column":20}},"83":{"start":{"line":160,"column":0},"end":{"line":160,"column":39}}},"fnMap":{"0":{"name":"(anonymous_0)","decl":{"start":{"line":11,"column":2},"end":{"line":11,"column":14}},"loc":{"start":{"line":11,"column":105},"end":{"line":18,"column":3}}},"1":{"name":"(anonymous_1)","decl":{"start":{"line":29,"column":10},"end":{"line":29,"column":18}},"loc":{"start":{"line":29,"column":60},"end":{"line":65,"column":3}}},"2":{"name":"(anonymous_2)","decl":{"start":{"line":67,"column":10},"end":{"line":67,"column":35}},"loc":{"start":{"line":67,"column":35},"end":{"line":78,"column":3}}},"3":{"name":"(anonymous_3)","decl":{"start":{"line":80,"column":10},"end":{"line":80,"column":17}},"loc":{"start":{"line":80,"column":17},"end":{"line":85,"column":3}}},"4":{"name":"(anonymous_4)","decl":{"start":{"line":87,"column":10},"end":{"line":87,"column":18}},"loc":{"start":{"line":87,"column":18},"end":{"line":89,"column":3}}},"5":{"name":"(anonymous_5)","decl":{"start":{"line":91,"column":10},"end":{"line":91,"column":25}},"loc":{"start":{"line":91,"column":47},"end":{"line":106,"column":3}}},"6":{"name":"(anonymous_6)","decl":{"start":{"line":108,"column":10},"end":{"line":108,"column":17}},"loc":{"start":{"line":108,"column":31},"end":{"line":141,"column":3}}},"7":{"name":"(anonymous_7)","decl":{"start":{"line":143,"column":10},"end":{"line":143,"column":14}},"loc":{"start":{"line":143,"column":36},"end":{"line":149,"column":3}}},"8":{"name":"(anonymous_8)","decl":{"start":{"line":151,"column":9},"end":{"line":151,"column":15}},"loc":{"start":{"line":151,"column":37},"end":{"line":157,"column":3}}}},"branchMap":{"0":{"loc":{"start":{"line":44,"column":6},"end":{"line":56,"column":7}},"type":"if","locations":[{"start":{"line":44,"column":6},"end":{"line":56,"column":7}},{"start":{"line":53,"column":11},"end":{"line":56,"column":7}}]},"1":{"loc":{"start":{"line":44,"column":10},"end":{"line":44,"column":39}},"type":"binary-expr","locations":[{"start":{"line":44,"column":10},"end":{"line":44,"column":30}},{"start":{"line":44,"column":34},"end":{"line":44,"column":39}}]},"2":{"loc":{"start":{"line":46,"column":31},"end":{"line":46,"column":79}},"type":"cond-expr","locations":[{"start":{"line":46,"column":55},"end":{"line":46,"column":72}},{"start":{"line":46,"column":75},"end":{"line":46,"column":79}}]},"3":{"loc":{"start":{"line":58,"column":6},"end":{"line":60,"column":7}},"type":"if","locations":[{"start":{"line":58,"column":6},"end":{"line":60,"column":7}}]},"4":{"loc":{"start":{"line":70,"column":4},"end":{"line":75,"column":5}},"type":"if","locations":[{"start":{"line":70,"column":4},"end":{"line":75,"column":5}}]},"5":{"loc":{"start":{"line":70,"column":8},"end":{"line":70,"column":68}},"type":"binary-expr","locations":[{"start":{"line":70,"column":8},"end":{"line":70,"column":35}},{"start":{"line":70,"column":39},"end":{"line":70,"column":68}}]},"6":{"loc":{"start":{"line":99,"column":42},"end":{"line":99,"column":114}},"type":"cond-expr","locations":[{"start":{"line":99,"column":52},"end":{"line":99,"column":97}},{"start":{"line":99,"column":100},"end":{"line":99,"column":114}}]},"7":{"loc":{"start":{"line":116,"column":40},"end":{"line":116,"column":112}},"type":"cond-expr","locations":[{"start":{"line":116,"column":50},"end":{"line":116,"column":95}},{"start":{"line":116,"column":98},"end":{"line":116,"column":112}}]},"8":{"loc":{"start":{"line":127,"column":8},"end":{"line":134,"column":9}},"type":"if","locations":[{"start":{"line":127,"column":8},"end":{"line":134,"column":9}}]}},"s":{"0":1,"1":6,"2":6,"3":6,"4":6,"5":6,"6":2,"7":2,"8":2,"9":2,"10":2,"11":2,"12":2,"13":34,"14":34,"15":34,"16":34,"17":2,"18":2,"19":2,"20":2,"21":32,"22":34,"23":2,"24":2,"25":2,"26":2,"27":2,"28":2,"29":2,"30":0,"31":2,"32":2,"33":2,"34":2,"35":2,"36":2,"37":2,"38":2,"39":2,"40":2,"41":2,"42":1,"43":1,"44":1,"45":1,"46":1,"47":1,"48":2,"49":2,"50":1,"51":1,"52":1,"53":1,"54":1,"55":1,"56":1,"57":1,"58":1,"59":1,"60":2,"61":2,"62":2,"63":2,"64":2,"65":2,"66":2,"67":2,"68":1,"69":1,"70":1,"71":1,"72":1,"73":2,"74":1,"75":2,"76":2,"77":2,"78":1,"79":2,"80":2,"81":2,"82":2,"83":1},"f":{"0":6,"1":2,"2":2,"3":2,"4":2,"5":2,"6":1,"7":2,"8":2},"b":{"0":[2,32],"1":[34,2],"2":[0,2],"3":[2],"4":[2],"5":[2,0],"6":[1,0],"7":[1,0],"8":[1]}}
,"C:\\Users\\BrunoSartori\\Documents\\Projects\\logger\\src\\constants.ts": {"path":"C:\\Users\\BrunoSartori\\Documents\\Projects\\logger\\src\\constants.ts","statementMap":{"0":{"start":{"line":1,"column":13},"end":{"line":1,"column":34}},"1":{"start":{"line":3,"column":13},"end":{"line":3,"column":29}},"2":{"start":{"line":5,"column":13},"end":{"line":10,"column":2}},"3":{"start":{"line":12,"column":13},"end":{"line":15,"column":2}},"4":{"start":{"line":17,"column":13},"end":{"line":102,"column":2}}},"fnMap":{},"branchMap":{},"s":{"0":1,"1":1,"2":1,"3":1,"4":1},"f":{},"b":{}}
,"C:\\Users\\BrunoSartori\\Documents\\Projects\\logger\\src\\index.ts": {"path":"C:\\Users\\BrunoSartori\\Documents\\Projects\\logger\\src\\index.ts","statementMap":{"0":{"start":{"line":1,"column":0},"end":{"line":1,"column":26}},"1":{"start":{"line":2,"column":0},"end":{"line":2,"column":98}},"2":{"start":{"line":3,"column":0},"end":{"line":3,"column":86}},"3":{"start":{"line":4,"column":0},"end":{"line":4,"column":53}},"4":{"start":{"line":8,"column":15},"end":{"line":8,"column":81}},"5":{"start":{"line":10,"column":49},"end":{"line":26,"column":null}},"6":{"start":{"line":29,"column":46},"end":{"line":29,"column":59}},"7":{"start":{"line":30,"column":34},"end":{"line":30,"column":36}},"8":{"start":{"line":39,"column":4},"end":{"line":40,"column":58}},"9":{"start":{"line":44,"column":46},"end":{"line":60,"column":6}},"10":{"start":{"line":62,"column":4},"end":{"line":62,"column":25}},"11":{"start":{"line":64,"column":4},"end":{"line":246,"column":5}},"12":{"start":{"line":65,"column":21},"end":{"line":65,"column":53}},"13":{"start":{"line":66,"column":6},"end":{"line":66,"column":31}},"14":{"start":{"line":67,"column":6},"end":{"line":67,"column":77}},"15":{"start":{"line":68,"column":6},"end":{"line":68,"column":25}},"16":{"start":{"line":69,"column":6},"end":{"line":69,"column":27}},"17":{"start":{"line":71,"column":18},"end":{"line":71,"column":46}},"18":{"start":{"line":73,"column":6},"end":{"line":245,"column":7}},"19":{"start":{"line":74,"column":8},"end":{"line":74,"column":null}},"20":{"start":{"line":76,"column":8},"end":{"line":76,"column":88}},"21":{"start":{"line":78,"column":20},"end":{"line":180,"column":8}},"22":{"start":{"line":182,"column":22},"end":{"line":182,"column":53}},"23":{"start":{"line":183,"column":8},"end":{"line":183,"column":32}},"24":{"start":{"line":186,"column":8},"end":{"line":191,"column":9}},"25":{"start":{"line":188,"column":10},"end":{"line":188,"column":41}},"26":{"start":{"line":190,"column":10},"end":{"line":190,"column":58}},"27":{"start":{"line":193,"column":21},"end":{"line":193,"column":82}},"28":{"start":{"line":194,"column":8},"end":{"line":194,"column":32}},"29":{"start":{"line":196,"column":26},"end":{"line":196,"column":55}},"30":{"start":{"line":197,"column":8},"end":{"line":197,"column":37}},"31":{"start":{"line":198,"column":8},"end":{"line":198,"column":66}},"32":{"start":{"line":199,"column":8},"end":{"line":199,"column":35}},"33":{"start":{"line":201,"column":8},"end":{"line":209,"column":9}},"34":{"start":{"line":202,"column":22},"end":{"line":202,"column":51}},"35":{"start":{"line":203,"column":10},"end":{"line":203,"column":97}},"36":{"start":{"line":204,"column":10},"end":{"line":204,"column":71}},"37":{"start":{"line":205,"column":10},"end":{"line":205,"column":72}},"38":{"start":{"line":206,"column":10},"end":{"line":206,"column":39}},"39":{"start":{"line":208,"column":10},"end":{"line":208,"column":42}},"40":{"start":{"line":211,"column":8},"end":{"line":232,"column":9}},"41":{"start":{"line":213,"column":38},"end":{"line":213,"column":67}},"42":{"start":{"line":214,"column":12},"end":{"line":214,"column":64}},"43":{"start":{"line":215,"column":12},"end":{"line":215,"column":58}},"44":{"start":{"line":216,"column":12},"end":{"line":216,"column":18}},"45":{"start":{"line":218,"column":39},"end":{"line":218,"column":68}},"46":{"start":{"line":219,"column":12},"end":{"line":219,"column":66}},"47":{"start":{"line":220,"column":12},"end":{"line":220,"column":59}},"48":{"start":{"line":221,"column":12},"end":{"line":221,"column":18}},"49":{"start":{"line":223,"column":35},"end":{"line":223,"column":64}},"50":{"start":{"line":224,"column":12},"end":{"line":224,"column":58}},"51":{"start":{"line":225,"column":12},"end":{"line":225,"column":55}},"52":{"start":{"line":226,"column":12},"end":{"line":226,"column":18}},"53":{"start":{"line":228,"column":36},"end":{"line":228,"column":65}},"54":{"start":{"line":229,"column":12},"end":{"line":229,"column":60}},"55":{"start":{"line":230,"column":12},"end":{"line":230,"column":56}},"56":{"start":{"line":231,"column":12},"end":{"line":231,"column":18}},"57":{"start":{"line":234,"column":26},"end":{"line":234,"column":55}},"58":{"start":{"line":235,"column":8},"end":{"line":235,"column":39}},"59":{"start":{"line":236,"column":8},"end":{"line":236,"column":41}},"60":{"start":{"line":237,"column":8},"end":{"line":237,"column":35}},"61":{"start":{"line":239,"column":8},"end":{"line":239,"column":48}},"62":{"start":{"line":240,"column":8},"end":{"line":240,"column":51}},"63":{"start":{"line":242,"column":8},"end":{"line":242,"column":50}},"64":{"start":{"line":244,"column":8},"end":{"line":244,"column":32}},"65":{"start":{"line":250,"column":4},"end":{"line":334,"column":5}},"66":{"start":{"line":251,"column":51},"end":{"line":251,"column":101}},"67":{"start":{"line":252,"column":27},"end":{"line":252,"column":30}},"68":{"start":{"line":253,"column":27},"end":{"line":253,"column":28}},"69":{"start":{"line":254,"column":28},"end":{"line":254,"column":29}},"70":{"start":{"line":255,"column":23},"end":{"line":255,"column":24}},"71":{"start":{"line":256,"column":23},"end":{"line":256,"column":24}},"72":{"start":{"line":257,"column":29},"end":{"line":257,"column":30}},"73":{"start":{"line":258,"column":29},"end":{"line":258,"column":30}},"74":{"start":{"line":259,"column":6},"end":{"line":333,"column":7}},"75":{"start":{"line":259,"column":19},"end":{"line":259,"column":20}},"76":{"start":{"line":260,"column":31},"end":{"line":260,"column":42}},"77":{"start":{"line":261,"column":8},"end":{"line":271,"column":null}},"78":{"start":{"line":262,"column":10},"end":{"line":262,"column":null}},"79":{"start":{"line":263,"column":10},"end":{"line":263,"column":123}},"80":{"start":{"line":264,"column":10},"end":{"line":264,"column":125}},"81":{"start":{"line":265,"column":10},"end":{"line":265,"column":68}},"82":{"start":{"line":266,"column":10},"end":{"line":266,"column":67}},"83":{"start":{"line":267,"column":10},"end":{"line":267,"column":37}},"84":{"start":{"line":268,"column":10},"end":{"line":268,"column":37}},"85":{"start":{"line":269,"column":10},"end":{"line":269,"column":null}},"86":{"start":{"line":270,"column":10},"end":{"line":270,"column":null}},"87":{"start":{"line":273,"column":23},"end":{"line":328,"column":9}},"88":{"start":{"line":274,"column":10},"end":{"line":325,"column":11}},"89":{"start":{"line":275,"column":26},"end":{"line":275,"column":71}},"90":{"start":{"line":276,"column":27},"end":{"line":276,"column":73}},"91":{"start":{"line":277,"column":12},"end":{"line":280,"column":13}},"92":{"start":{"line":278,"column":14},"end":{"line":278,"column":null}},"93":{"start":{"line":279,"column":14},"end":{"line":279,"column":51}},"94":{"start":{"line":281,"column":12},"end":{"line":283,"column":13}},"95":{"start":{"line":282,"column":14},"end":{"line":282,"column":null}},"96":{"start":{"line":286,"column":15},"end":{"line":325,"column":11}},"97":{"start":{"line":287,"column":27},"end":{"line":287,"column":73}},"98":{"start":{"line":288,"column":26},"end":{"line":288,"column":71}},"99":{"start":{"line":289,"column":12},"end":{"line":292,"column":13}},"100":{"start":{"line":290,"column":14},"end":{"line":290,"column":null}},"101":{"start":{"line":291,"column":14},"end":{"line":291,"column":51}},"102":{"start":{"line":293,"column":12},"end":{"line":296,"column":13}},"103":{"start":{"line":294,"column":14},"end":{"line":294,"column":null}},"104":{"start":{"line":295,"column":14},"end":{"line":295,"column":null}},"105":{"start":{"line":299,"column":15},"end":{"line":325,"column":11}},"106":{"start":{"line":300,"column":26},"end":{"line":300,"column":71}},"107":{"start":{"line":301,"column":27},"end":{"line":301,"column":73}},"108":{"start":{"line":302,"column":12},"end":{"line":305,"column":13}},"109":{"start":{"line":303,"column":14},"end":{"line":303,"column":null}},"110":{"start":{"line":304,"column":14},"end":{"line":304,"column":51}},"111":{"start":{"line":306,"column":12},"end":{"line":309,"column":13}},"112":{"start":{"line":307,"column":14},"end":{"line":307,"column":null}},"113":{"start":{"line":308,"column":14},"end":{"line":308,"column":null}},"114":{"start":{"line":313,"column":26},"end":{"line":313,"column":71}},"115":{"start":{"line":314,"column":27},"end":{"line":314,"column":73}},"116":{"start":{"line":315,"column":12},"end":{"line":319,"column":13}},"117":{"start":{"line":316,"column":14},"end":{"line":316,"column":null}},"118":{"start":{"line":317,"column":14},"end":{"line":317,"column":null}},"119":{"start":{"line":318,"column":14},"end":{"line":318,"column":51}},"120":{"start":{"line":320,"column":12},"end":{"line":323,"column":13}},"121":{"start":{"line":321,"column":14},"end":{"line":321,"column":null}},"122":{"start":{"line":322,"column":14},"end":{"line":322,"column":null}},"123":{"start":{"line":327,"column":10},"end":{"line":327,"column":32}},"124":{"start":{"line":330,"column":27},"end":{"line":332,"column":9}},"125":{"start":{"line":331,"column":10},"end":{"line":331,"column":null}},"126":{"start":{"line":338,"column":4},"end":{"line":367,"column":5}},"127":{"start":{"line":339,"column":6},"end":{"line":341,"column":7}},"128":{"start":{"line":340,"column":8},"end":{"line":340,"column":51}},"129":{"start":{"line":343,"column":19},"end":{"line":343,"column":29}},"130":{"start":{"line":344,"column":19},"end":{"line":344,"column":107}},"131":{"start":{"line":345,"column":22},"end":{"line":345,"column":54}},"132":{"start":{"line":346,"column":6},"end":{"line":346,"column":32}},"133":{"start":{"line":348,"column":6},"end":{"line":348,"column":90}},"134":{"start":{"line":349,"column":6},"end":{"line":351,"column":7}},"135":{"start":{"line":350,"column":8},"end":{"line":350,"column":30}},"136":{"start":{"line":353,"column":20},"end":{"line":353,"column":103}},"137":{"start":{"line":355,"column":6},"end":{"line":366,"column":7}},"138":{"start":{"line":356,"column":27},"end":{"line":356,"column":43}},"139":{"start":{"line":358,"column":8},"end":{"line":358,"column":63}},"140":{"start":{"line":360,"column":8},"end":{"line":365,"column":10}},"141":{"start":{"line":371,"column":4},"end":{"line":371,"column":42}},"142":{"start":{"line":372,"column":4},"end":{"line":372,"column":69}},"143":{"start":{"line":376,"column":4},"end":{"line":376,"column":19}},"144":{"start":{"line":377,"column":4},"end":{"line":377,"column":20}},"145":{"start":{"line":378,"column":4},"end":{"line":378,"column":26}},"146":{"start":{"line":382,"column":4},"end":{"line":382,"column":47}},"147":{"start":{"line":386,"column":4},"end":{"line":386,"column":47}},"148":{"start":{"line":390,"column":4},"end":{"line":390,"column":47}},"149":{"start":{"line":394,"column":4},"end":{"line":394,"column":55}},"150":{"start":{"line":398,"column":4},"end":{"line":398,"column":56}},"151":{"start":{"line":431,"column":0},"end":{"line":431,"column":32}}},"fnMap":{"0":{"name":"(anonymous_1)","decl":{"start":{"line":38,"column":10},"end":{"line":38,"column":20}},"loc":{"start":{"line":38,"column":20},"end":{"line":41,"column":3}}},"1":{"name":"(anonymous_2)","decl":{"start":{"line":43,"column":9},"end":{"line":43,"column":18}},"loc":{"start":{"line":43,"column":70},"end":{"line":247,"column":3}}},"2":{"name":"(anonymous_3)","decl":{"start":{"line":249,"column":10},"end":{"line":249,"column":26}},"loc":{"start":{"line":249,"column":26},"end":{"line":335,"column":3}}},"3":{"name":"(anonymous_4)","decl":{"start":{"line":261,"column":53},"end":{"line":261,"column":54}},"loc":{"start":{"line":261,"column":71},"end":{"line":271,"column":9}}},"4":{"name":"(anonymous_5)","decl":{"start":{"line":273,"column":23},"end":{"line":273,"column":24}},"loc":{"start":{"line":273,"column":34},"end":{"line":328,"column":9}}},"5":{"name":"(anonymous_6)","decl":{"start":{"line":330,"column":27},"end":{"line":330,"column":30}},"loc":{"start":{"line":330,"column":32},"end":{"line":332,"column":9}}},"6":{"name":"(anonymous_7)","decl":{"start":{"line":337,"column":10},"end":{"line":337,"column":13}},"loc":{"start":{"line":337,"column":79},"end":{"line":368,"column":3}}},"7":{"name":"(anonymous_8)","decl":{"start":{"line":370,"column":10},"end":{"line":370,"column":24}},"loc":{"start":{"line":370,"column":24},"end":{"line":373,"column":3}}},"8":{"name":"(anonymous_9)","decl":{"start":{"line":375,"column":9},"end":{"line":375,"column":14}},"loc":{"start":{"line":375,"column":14},"end":{"line":379,"column":3}}},"9":{"name":"(anonymous_10)","decl":{"start":{"line":381,"column":9},"end":{"line":381,"column":13}},"loc":{"start":{"line":381,"column":41},"end":{"line":383,"column":3}}},"10":{"name":"(anonymous_11)","decl":{"start":{"line":385,"column":9},"end":{"line":385,"column":18}},"loc":{"start":{"line":385,"column":46},"end":{"line":387,"column":3}}},"11":{"name":"(anonymous_12)","decl":{"start":{"line":389,"column":9},"end":{"line":389,"column":16}},"loc":{"start":{"line":389,"column":44},"end":{"line":391,"column":3}}},"12":{"name":"(anonymous_13)","decl":{"start":{"line":393,"column":9},"end":{"line":393,"column":13}},"loc":{"start":{"line":393,"column":41},"end":{"line":395,"column":3}}},"13":{"name":"(anonymous_14)","decl":{"start":{"line":397,"column":9},"end":{"line":397,"column":14}},"loc":{"start":{"line":397,"column":42},"end":{"line":399,"column":3}}}},"branchMap":{"0":{"loc":{"start":{"line":8,"column":15},"end":{"line":8,"column":81}},"type":"binary-expr","locations":[{"start":{"line":8,"column":15},"end":{"line":8,"column":42}},{"start":{"line":8,"column":46},"end":{"line":8,"column":81}}]},"1":{"loc":{"start":{"line":39,"column":11},"end":{"line":40,"column":57}},"type":"binary-expr","locations":[{"start":{"line":39,"column":11},"end":{"line":39,"column":65}},{"start":{"line":40,"column":6},"end":{"line":40,"column":57}}]},"2":{"loc":{"start":{"line":43,"column":19},"end":{"line":43,"column":70}},"type":"default-arg","locations":[{"start":{"line":43,"column":50},"end":{"line":43,"column":70}}]},"3":{"loc":{"start":{"line":45,"column":15},"end":{"line":45,"column":57}},"type":"binary-expr","locations":[{"start":{"line":45,"column":15},"end":{"line":45,"column":32}},{"start":{"line":45,"column":36},"end":{"line":45,"column":57}}]},"4":{"loc":{"start":{"line":46,"column":14},"end":{"line":46,"column":54}},"type":"binary-expr","locations":[{"start":{"line":46,"column":14},"end":{"line":46,"column":30}},{"start":{"line":46,"column":34},"end":{"line":46,"column":54}}]},"5":{"loc":{"start":{"line":47,"column":22},"end":{"line":53,"column":13}},"type":"binary-expr","locations":[{"start":{"line":47,"column":22},"end":{"line":53,"column":11}},{"start":{"line":53,"column":11},"end":{"line":53,"column":13}}]},"6":{"loc":{"start":{"line":48,"column":16},"end":{"line":48,"column":87}},"type":"binary-expr","locations":[{"start":{"line":48,"column":16},"end":{"line":48,"column":48}},{"start":{"line":48,"column":52},"end":{"line":48,"column":87}}]},"7":{"loc":{"start":{"line":49,"column":15},"end":{"line":49,"column":84}},"type":"binary-expr","locations":[{"start":{"line":49,"column":15},"end":{"line":49,"column":46}},{"start":{"line":49,"column":50},"end":{"line":49,"column":84}}]},"8":{"loc":{"start":{"line":50,"column":18},"end":{"line":50,"column":93}},"type":"binary-expr","locations":[{"start":{"line":50,"column":18},"end":{"line":50,"column":52}},{"start":{"line":50,"column":56},"end":{"line":50,"column":93}}]},"9":{"loc":{"start":{"line":51,"column":17},"end":{"line":51,"column":90}},"type":"binary-expr","locations":[{"start":{"line":51,"column":17},"end":{"line":51,"column":50}},{"start":{"line":51,"column":54},"end":{"line":51,"column":90}}]},"10":{"loc":{"start":{"line":52,"column":20},"end":{"line":52,"column":100}},"type":"binary-expr","locations":[{"start":{"line":52,"column":20},"end":{"line":52,"column":56}},{"start":{"line":52,"column":60},"end":{"line":52,"column":100}}]},"11":{"loc":{"start":{"line":55,"column":19},"end":{"line":55,"column":78}},"type":"binary-expr","locations":[{"start":{"line":55,"column":19},"end":{"line":55,"column":45}},{"start":{"line":55,"column":49},"end":{"line":55,"column":78}}]},"12":{"loc":{"start":{"line":56,"column":14},"end":{"line":56,"column":63}},"type":"binary-expr","locations":[{"start":{"line":56,"column":14},"end":{"line":56,"column":35}},{"start":{"line":56,"column":39},"end":{"line":56,"column":63}}]},"13":{"loc":{"start":{"line":57,"column":14},"end":{"line":57,"column":63}},"type":"binary-expr","locations":[{"start":{"line":57,"column":14},"end":{"line":57,"column":35}},{"start":{"line":57,"column":39},"end":{"line":57,"column":63}}]},"14":{"loc":{"start":{"line":58,"column":18},"end":{"line":58,"column":75}},"type":"binary-expr","locations":[{"start":{"line":58,"column":18},"end":{"line":58,"column":43}},{"start":{"line":58,"column":47},"end":{"line":58,"column":75}}]},"15":{"loc":{"start":{"line":64,"column":4},"end":{"line":246,"column":5}},"type":"if","locations":[{"start":{"line":64,"column":4},"end":{"line":246,"column":5}}]},"16":{"loc":{"start":{"line":64,"column":8},"end":{"line":64,"column":102}},"type":"binary-expr","locations":[{"start":{"line":64,"column":8},"end":{"line":64,"column":27}},{"start":{"line":64,"column":31},"end":{"line":64,"column":49}},{"start":{"line":64,"column":53},"end":{"line":64,"column":102}}]},"17":{"loc":{"start":{"line":73,"column":6},"end":{"line":245,"column":7}},"type":"if","locations":[{"start":{"line":73,"column":6},"end":{"line":245,"column":7}},{"start":{"line":75,"column":13},"end":{"line":245,"column":7}}]},"18":{"loc":{"start":{"line":150,"column":23},"end":{"line":150,"column":56}},"type":"cond-expr","locations":[{"start":{"line":150,"column":43},"end":{"line":150,"column":48}},{"start":{"line":150,"column":51},"end":{"line":150,"column":56}}]},"19":{"loc":{"start":{"line":155,"column":24},"end":{"line":155,"column":120}},"type":"cond-expr","locations":[{"start":{"line":155,"column":86},"end":{"line":155,"column":95}},{"start":{"line":155,"column":98},"end":{"line":155,"column":120}}]},"20":{"loc":{"start":{"line":155,"column":24},"end":{"line":155,"column":83}},"type":"binary-expr","locations":[{"start":{"line":155,"column":24},"end":{"line":155,"column":51}},{"start":{"line":155,"column":55},"end":{"line":155,"column":83}}]},"21":{"loc":{"start":{"line":164,"column":24},"end":{"line":164,"column":120}},"type":"cond-expr","locations":[{"start":{"line":164,"column":86},"end":{"line":164,"column":95}},{"start":{"line":164,"column":98},"end":{"line":164,"column":120}}]},"22":{"loc":{"start":{"line":164,"column":24},"end":{"line":164,"column":83}},"type":"binary-expr","locations":[{"start":{"line":164,"column":24},"end":{"line":164,"column":51}},{"start":{"line":164,"column":55},"end":{"line":164,"column":83}}]},"23":{"loc":{"start":{"line":168,"column":24},"end":{"line":168,"column":120}},"type":"cond-expr","locations":[{"start":{"line":168,"column":86},"end":{"line":168,"column":95}},{"start":{"line":168,"column":98},"end":{"line":168,"column":120}}]},"24":{"loc":{"start":{"line":168,"column":24},"end":{"line":168,"column":83}},"type":"binary-expr","locations":[{"start":{"line":168,"column":24},"end":{"line":168,"column":51}},{"start":{"line":168,"column":55},"end":{"line":168,"column":83}}]},"25":{"loc":{"start":{"line":172,"column":24},"end":{"line":172,"column":120}},"type":"cond-expr","locations":[{"start":{"line":172,"column":86},"end":{"line":172,"column":95}},{"start":{"line":172,"column":98},"end":{"line":172,"column":120}}]},"26":{"loc":{"start":{"line":172,"column":24},"end":{"line":172,"column":83}},"type":"binary-expr","locations":[{"start":{"line":172,"column":24},"end":{"line":172,"column":51}},{"start":{"line":172,"column":55},"end":{"line":172,"column":83}}]},"27":{"loc":{"start":{"line":186,"column":8},"end":{"line":191,"column":9}},"type":"if","locations":[{"start":{"line":186,"column":8},"end":{"line":191,"column":9}},{"start":{"line":189,"column":15},"end":{"line":191,"column":9}}]},"28":{"loc":{"start":{"line":193,"column":21},"end":{"line":193,"column":82}},"type":"binary-expr","locations":[{"start":{"line":193,"column":21},"end":{"line":193,"column":35}},{"start":{"line":193,"column":39},"end":{"line":193,"column":82}}]},"29":{"loc":{"start":{"line":201,"column":8},"end":{"line":209,"column":9}},"type":"if","locations":[{"start":{"line":201,"column":8},"end":{"line":209,"column":9}}]},"30":{"loc":{"start":{"line":211,"column":8},"end":{"line":232,"column":9}},"type":"switch","locations":[{"start":{"line":212,"column":10},"end":{"line":216,"column":18}},{"start":{"line":217,"column":10},"end":{"line":221,"column":18}},{"start":{"line":222,"column":10},"end":{"line":226,"column":18}},{"start":{"line":227,"column":10},"end":{"line":231,"column":18}}]},"31":{"loc":{"start":{"line":250,"column":4},"end":{"line":334,"column":5}},"type":"if","locations":[{"start":{"line":250,"column":4},"end":{"line":334,"column":5}}]},"32":{"loc":{"start":{"line":274,"column":10},"end":{"line":325,"column":11}},"type":"if","locations":[{"start":{"line":274,"column":10},"end":{"line":325,"column":11}},{"start":{"line":286,"column":15},"end":{"line":325,"column":11}}]},"33":{"loc":{"start":{"line":277,"column":12},"end":{"line":280,"column":13}},"type":"if","locations":[{"start":{"line":277,"column":12},"end":{"line":280,"column":13}}]},"34":{"loc":{"start":{"line":281,"column":12},"end":{"line":283,"column":13}},"type":"if","locations":[{"start":{"line":281,"column":12},"end":{"line":283,"column":13}}]},"35":{"loc":{"start":{"line":286,"column":15},"end":{"line":325,"column":11}},"type":"if","locations":[{"start":{"line":286,"column":15},"end":{"line":325,"column":11}},{"start":{"line":299,"column":15},"end":{"line":325,"column":11}}]},"36":{"loc":{"start":{"line":289,"column":12},"end":{"line":292,"column":13}},"type":"if","locations":[{"start":{"line":289,"column":12},"end":{"line":292,"column":13}}]},"37":{"loc":{"start":{"line":293,"column":12},"end":{"line":296,"column":13}},"type":"if","locations":[{"start":{"line":293,"column":12},"end":{"line":296,"column":13}}]},"38":{"loc":{"start":{"line":299,"column":15},"end":{"line":325,"column":11}},"type":"if","locations":[{"start":{"line":299,"column":15},"end":{"line":325,"column":11}},{"start":{"line":312,"column":15},"end":{"line":325,"column":11}}]},"39":{"loc":{"start":{"line":302,"column":12},"end":{"line":305,"column":13}},"type":"if","locations":[{"start":{"line":302,"column":12},"end":{"line":305,"column":13}}]},"40":{"loc":{"start":{"line":306,"column":12},"end":{"line":309,"column":13}},"type":"if","locations":[{"start":{"line":306,"column":12},"end":{"line":309,"column":13}}]},"41":{"loc":{"start":{"line":315,"column":12},"end":{"line":319,"column":13}},"type":"if","locations":[{"start":{"line":315,"column":12},"end":{"line":319,"column":13}}]},"42":{"loc":{"start":{"line":320,"column":12},"end":{"line":323,"column":13}},"type":"if","locations":[{"start":{"line":320,"column":12},"end":{"line":323,"column":13}}]},"43":{"loc":{"start":{"line":337,"column":55},"end":{"line":337,"column":79}},"type":"default-arg","locations":[{"start":{"line":337,"column":74},"end":{"line":337,"column":79}}]},"44":{"loc":{"start":{"line":338,"column":4},"end":{"line":367,"column":5}},"type":"if","locations":[{"start":{"line":338,"column":4},"end":{"line":367,"column":5}}]},"45":{"loc":{"start":{"line":339,"column":6},"end":{"line":341,"column":7}},"type":"if","locations":[{"start":{"line":339,"column":6},"end":{"line":341,"column":7}}]},"46":{"loc":{"start":{"line":344,"column":19},"end":{"line":344,"column":107}},"type":"cond-expr","locations":[{"start":{"line":344,"column":44},"end":{"line":344,"column":49}},{"start":{"line":344,"column":52},"end":{"line":344,"column":107}}]},"47":{"loc":{"start":{"line":349,"column":6},"end":{"line":351,"column":7}},"type":"if","locations":[{"start":{"line":349,"column":6},"end":{"line":351,"column":7}}]},"48":{"loc":{"start":{"line":349,"column":10},"end":{"line":349,"column":64}},"type":"binary-expr","locations":[{"start":{"line":349,"column":10},"end":{"line":349,"column":28}},{"start":{"line":349,"column":32},"end":{"line":349,"column":64}}]},"49":{"loc":{"start":{"line":353,"column":20},"end":{"line":353,"column":103}},"type":"cond-expr","locations":[{"start":{"line":353,"column":40},"end":{"line":353,"column":51}},{"start":{"line":353,"column":54},"end":{"line":353,"column":103}}]},"50":{"loc":{"start":{"line":353,"column":54},"end":{"line":353,"column":103}},"type":"cond-expr","locations":[{"start":{"line":353,"column":75},"end":{"line":353,"column":87}},{"start":{"line":353,"column":90},"end":{"line":353,"column":103}}]},"51":{"loc":{"start":{"line":355,"column":6},"end":{"line":366,"column":7}},"type":"if","locations":[{"start":{"line":355,"column":6},"end":{"line":366,"column":7}},{"start":{"line":359,"column":13},"end":{"line":366,"column":7}}]},"52":{"loc":{"start":{"line":363,"column":48},"end":{"line":363,"column":87}},"type":"cond-expr","locations":[{"start":{"line":363,"column":69},"end":{"line":363,"column":75}},{"start":{"line":363,"column":78},"end":{"line":363,"column":87}}]}},"s":{"0":1,"1":1,"2":1,"3":1,"4":1,"5":1,"6":1,"7":1,"8":6,"9":14,"10":14,"11":14,"12":6,"13":6,"14":6,"15":6,"16":6,"17":6,"18":6,"19":0,"20":6,"21":6,"22":6,"23":6,"24":6,"25":0,"26":6,"27":6,"28":6,"29":6,"30":6,"31":6,"32":6,"33":6,"34":6,"35":6,"36":6,"37":6,"38":6,"39":6,"40":6,"41":1,"42":1,"43":1,"44":1,"45":1,"46":1,"47":1,"48":1,"49":3,"50":3,"51":3,"52":3,"53":1,"54":1,"55":1,"56":1,"57":6,"58":6,"59":6,"60":6,"61":6,"62":6,"63":6,"64":6,"65":6,"66":6,"67":6,"68":6,"69":6,"70":6,"71":6,"72":6,"73":6,"74":6,"75":6,"76":6,"77":6,"78":0,"79":0,"80":0,"81":0,"82":0,"83":0,"84":0,"85":0,"86":0,"87":6,"88":0,"89":0,"90":0,"91":0,"92":0,"93":0,"94":0,"95":0,"96":0,"97":0,"98":0,"99":0,"100":0,"101":0,"102":0,"103":0,"104":0,"105":0,"106":0,"107":0,"108":0,"109":0,"110":0,"111":0,"112":0,"113":0,"114":0,"115":0,"116":0,"117":0,"118":0,"119":0,"120":0,"121":0,"122":0,"123":0,"124":6,"125":0,"126":13,"127":12,"128":1,"129":12,"130":12,"131":12,"132":12,"133":12,"134":12,"135":1,"136":12,"137":12,"138":12,"139":12,"140":0,"141":2,"142":2,"143":1,"144":1,"145":1,"146":5,"147":2,"148":2,"149":2,"150":2,"151":1},"f":{"0":6,"1":14,"2":6,"3":0,"4":0,"5":0,"6":13,"7":2,"8":1,"9":5,"10":2,"11":2,"12":2,"13":2},"b":{"0":[1,1],"1":[6,5],"2":[0],"3":[14,0],"4":[14,0],"5":[14,0],"6":[14,14],"7":[14,13],"8":[14,10],"9":[14,14],"10":[14,14],"11":[14,14],"12":[14,14],"13":[14,14],"14":[14,14],"15":[6],"16":[14,13,6],"17":[0,6],"18":[2,4],"19":[0,6],"20":[6,6],"21":[0,6],"22":[6,6],"23":[0,6],"24":[6,6],"25":[0,6],"26":[6,6],"27":[0,6],"28":[6,0],"29":[6],"30":[1,1,3,1],"31":[6],"32":[0,0],"33":[0],"34":[0],"35":[0,0],"36":[0],"37":[0],"38":[0,0],"39":[0],"40":[0],"41":[0],"42":[0],"43":[9],"44":[12],"45":[1],"46":[2,10],"47":[1],"48":[12,1],"49":[8,4],"50":[2,2],"51":[12,0],"52":[0,0]}}
,"C:\\Users\\BrunoSartori\\Documents\\Projects\\logger\\src\\utils.ts": {"path":"C:\\Users\\BrunoSartori\\Documents\\Projects\\logger\\src\\utils.ts","statementMap":{"0":{"start":{"line":1,"column":22},"end":{"line":1,"column":61}},"1":{"start":{"line":1,"column":47},"end":{"line":1,"column":61}},"2":{"start":{"line":1,"column":13},"end":{"line":1,"column":22}},"3":{"start":{"line":3,"column":27},"end":{"line":3,"column":80}},"4":{"start":{"line":3,"column":52},"end":{"line":3,"column":80}},"5":{"start":{"line":3,"column":13},"end":{"line":3,"column":27}},"6":{"start":{"line":5,"column":28},"end":{"line":5,"column":141}},"7":{"start":{"line":5,"column":53},"end":{"line":5,"column":141}},"8":{"start":{"line":5,"column":13},"end":{"line":5,"column":28}},"9":{"start":{"line":7,"column":29},"end":{"line":7,"column":191}},"10":{"start":{"line":7,"column":55},"end":{"line":7,"column":191}},"11":{"start":{"line":7,"column":13},"end":{"line":7,"column":29}},"12":{"start":{"line":9,"column":25},"end":{"line":9,"column":76}},"13":{"start":{"line":9,"column":50},"end":{"line":9,"column":76}},"14":{"start":{"line":9,"column":13},"end":{"line":9,"column":25}},"15":{"start":{"line":11,"column":29},"end":{"line":11,"column":152}},"16":{"start":{"line":11,"column":54},"end":{"line":11,"column":152}},"17":{"start":{"line":11,"column":13},"end":{"line":11,"column":29}},"18":{"start":{"line":13,"column":29},"end":{"line":13,"column":137}},"19":{"start":{"line":13,"column":54},"end":{"line":13,"column":137}},"20":{"start":{"line":13,"column":13},"end":{"line":13,"column":29}},"21":{"start":{"line":15,"column":27},"end":{"line":27,"column":1}},"22":{"start":{"line":16,"column":22},"end":{"line":16,"column":41}},"23":{"start":{"line":18,"column":2},"end":{"line":20,"column":3}},"24":{"start":{"line":19,"column":4},"end":{"line":19,"column":14}},"25":{"start":{"line":22,"column":2},"end":{"line":24,"column":3}},"26":{"start":{"line":23,"column":4},"end":{"line":23,"column":14}},"27":{"start":{"line":26,"column":2},"end":{"line":26,"column":12}},"28":{"start":{"line":15,"column":13},"end":{"line":15,"column":27}},"29":{"start":{"line":29,"column":23},"end":{"line":35,"column":1}},"30":{"start":{"line":30,"column":15},"end":{"line":30,"column":28}},"31":{"start":{"line":32,"column":17},"end":{"line":32,"column":42}},"32":{"start":{"line":34,"column":2},"end":{"line":34,"column":null}},"33":{"start":{"line":29,"column":13},"end":{"line":29,"column":23}},"34":{"start":{"line":37,"column":26},"end":{"line":47,"column":1}},"35":{"start":{"line":38,"column":14},"end":{"line":38,"column":53}},"36":{"start":{"line":39,"column":16},"end":{"line":39,"column":60}},"37":{"start":{"line":40,"column":15},"end":{"line":40,"column":51}},"38":{"start":{"line":41,"column":16},"end":{"line":41,"column":56}},"39":{"start":{"line":42,"column":18},"end":{"line":42,"column":60}},"40":{"start":{"line":43,"column":18},"end":{"line":43,"column":60}},"41":{"start":{"line":44,"column":23},"end":{"line":44,"column":70}},"42":{"start":{"line":46,"column":2},"end":{"line":46,"column":82}},"43":{"start":{"line":37,"column":13},"end":{"line":37,"column":26}},"44":{"start":{"line":49,"column":27},"end":{"line":79,"column":1}},"45":{"start":{"line":51,"column":13},"end":{"line":51,"column":56}},"46":{"start":{"line":54,"column":16},"end":{"line":54,"column":51}},"47":{"start":{"line":55,"column":2},"end":{"line":55,"column":35}},"48":{"start":{"line":57,"column":18},"end":{"line":57,"column":48}},"49":{"start":{"line":58,"column":2},"end":{"line":58,"column":32}},"50":{"start":{"line":60,"column":18},"end":{"line":60,"column":41}},"51":{"start":{"line":61,"column":2},"end":{"line":61,"column":25}},"52":{"start":{"line":63,"column":23},"end":{"line":63,"column":27}},"53":{"start":{"line":66,"column":15},"end":{"line":66,"column":17}},"54":{"start":{"line":67,"column":2},"end":{"line":69,"column":3}},"55":{"start":{"line":68,"column":6},"end":{"line":68,"column":28}},"56":{"start":{"line":70,"column":2},"end":{"line":72,"column":3}},"57":{"start":{"line":71,"column":6},"end":{"line":71,"column":30}},"58":{"start":{"line":73,"column":2},"end":{"line":75,"column":3}},"59":{"start":{"line":74,"column":6},"end":{"line":74,"column":30}},"60":{"start":{"line":76,"column":2},"end":{"line":76,"column":32}},"61":{"start":{"line":78,"column":2},"end":{"line":78,"column":16}},"62":{"start":{"line":49,"column":13},"end":{"line":49,"column":27}},"63":{"start":{"line":81,"column":13},"end":{"line":93,"column":null}}},"fnMap":{"0":{"name":"(anonymous_0)","decl":{"start":{"line":1,"column":22},"end":{"line":1,"column":23}},"loc":{"start":{"line":1,"column":47},"end":{"line":1,"column":61}}},"1":{"name":"(anonymous_1)","decl":{"start":{"line":3,"column":27},"end":{"line":3,"column":28}},"loc":{"start":{"line":3,"column":52},"end":{"line":3,"column":80}}},"2":{"name":"(anonymous_2)","decl":{"start":{"line":5,"column":28},"end":{"line":5,"column":29}},"loc":{"start":{"line":5,"column":53},"end":{"line":5,"column":141}}},"3":{"name":"(anonymous_3)","decl":{"start":{"line":7,"column":29},"end":{"line":7,"column":30}},"loc":{"start":{"line":7,"column":55},"end":{"line":7,"column":191}}},"4":{"name":"(anonymous_4)","decl":{"start":{"line":9,"column":25},"end":{"line":9,"column":26}},"loc":{"start":{"line":9,"column":50},"end":{"line":9,"column":76}}},"5":{"name":"(anonymous_5)","decl":{"start":{"line":11,"column":29},"end":{"line":11,"column":30}},"loc":{"start":{"line":11,"column":54},"end":{"line":11,"column":152}}},"6":{"name":"(anonymous_6)","decl":{"start":{"line":13,"column":29},"end":{"line":13,"column":30}},"loc":{"start":{"line":13,"column":54},"end":{"line":13,"column":137}}},"7":{"name":"(anonymous_7)","decl":{"start":{"line":15,"column":27},"end":{"line":15,"column":38}},"loc":{"start":{"line":15,"column":40},"end":{"line":27,"column":1}}},"8":{"name":"(anonymous_8)","decl":{"start":{"line":29,"column":23},"end":{"line":29,"column":24}},"loc":{"start":{"line":29,"column":55},"end":{"line":35,"column":1}}},"9":{"name":"(anonymous_9)","decl":{"start":{"line":37,"column":26},"end":{"line":37,"column":27}},"loc":{"start":{"line":37,"column":49},"end":{"line":47,"column":1}}},"10":{"name":"(anonymous_10)","decl":{"start":{"line":49,"column":27},"end":{"line":49,"column":28}},"loc":{"start":{"line":49,"column":64},"end":{"line":79,"column":1}}}},"branchMap":{"0":{"loc":{"start":{"line":5,"column":53},"end":{"line":5,"column":141}},"type":"binary-expr","locations":[{"start":{"line":5,"column":53},"end":{"line":5,"column":67}},{"start":{"line":5,"column":71},"end":{"line":5,"column":90}},{"start":{"line":5,"column":94},"end":{"line":5,"column":121}},{"start":{"line":5,"column":125},"end":{"line":5,"column":141}}]},"1":{"loc":{"start":{"line":7,"column":55},"end":{"line":7,"column":191}},"type":"binary-expr","locations":[{"start":{"line":7,"column":55},"end":{"line":7,"column":70}},{"start":{"line":7,"column":74},"end":{"line":7,"column":94}},{"start":{"line":7,"column":98},"end":{"line":7,"column":127}},{"start":{"line":7,"column":131},"end":{"line":7,"column":144}},{"start":{"line":7,"column":148},"end":{"line":7,"column":165}},{"start":{"line":7,"column":169},"end":{"line":7,"column":191}}]},"2":{"loc":{"start":{"line":11,"column":54},"end":{"line":11,"column":152}},"type":"binary-expr","locations":[{"start":{"line":11,"column":54},"end":{"line":11,"column":68}},{"start":{"line":11,"column":72},"end":{"line":11,"column":91}},{"start":{"line":11,"column":95},"end":{"line":11,"column":123}},{"start":{"line":11,"column":127},"end":{"line":11,"column":152}}]},"3":{"loc":{"start":{"line":13,"column":54},"end":{"line":13,"column":137}},"type":"binary-expr","locations":[{"start":{"line":13,"column":54},"end":{"line":13,"column":68}},{"start":{"line":13,"column":72},"end":{"line":13,"column":91}},{"start":{"line":13,"column":95},"end":{"line":13,"column":108}},{"start":{"line":13,"column":112},"end":{"line":13,"column":137}}]},"4":{"loc":{"start":{"line":18,"column":2},"end":{"line":20,"column":3}},"type":"if","locations":[{"start":{"line":18,"column":2},"end":{"line":20,"column":3}}]},"5":{"loc":{"start":{"line":22,"column":2},"end":{"line":24,"column":3}},"type":"if","locations":[{"start":{"line":22,"column":2},"end":{"line":24,"column":3}}]},"6":{"loc":{"start":{"line":67,"column":2},"end":{"line":69,"column":3}},"type":"if","locations":[{"start":{"line":67,"column":2},"end":{"line":69,"column":3}}]},"7":{"loc":{"start":{"line":70,"column":2},"end":{"line":72,"column":3}},"type":"if","locations":[{"start":{"line":70,"column":2},"end":{"line":72,"column":3}}]},"8":{"loc":{"start":{"line":70,"column":6},"end":{"line":70,"column":30}},"type":"binary-expr","locations":[{"start":{"line":70,"column":6},"end":{"line":70,"column":17}},{"start":{"line":70,"column":21},"end":{"line":70,"column":30}}]},"9":{"loc":{"start":{"line":73,"column":2},"end":{"line":75,"column":3}},"type":"if","locations":[{"start":{"line":73,"column":2},"end":{"line":75,"column":3}}]},"10":{"loc":{"start":{"line":73,"column":6},"end":{"line":73,"column":45}},"type":"binary-expr","locations":[{"start":{"line":73,"column":6},"end":{"line":73,"column":17}},{"start":{"line":73,"column":21},"end":{"line":73,"column":32}},{"start":{"line":73,"column":36},"end":{"line":73,"column":45}}]}},"s":{"0":2,"1":41,"2":2,"3":2,"4":38,"5":2,"6":2,"7":4,"8":2,"9":2,"10":19,"11":2,"12":2,"13":6,"14":2,"15":2,"16":7,"17":2,"18":2,"19":9,"20":2,"21":2,"22":12,"23":12,"24":0,"25":12,"26":0,"27":12,"28":2,"29":2,"30":12,"31":12,"32":12,"33":2,"34":2,"35":12,"36":12,"37":12,"38":12,"39":12,"40":12,"41":12,"42":12,"43":2,"44":2,"45":11,"46":11,"47":11,"48":11,"49":11,"50":11,"51":11,"52":11,"53":11,"54":11,"55":1,"56":11,"57":1,"58":11,"59":1,"60":11,"61":11,"62":2,"63":2},"f":{"0":41,"1":38,"2":4,"3":19,"4":6,"5":7,"6":9,"7":12,"8":12,"9":12,"10":11},"b":{"0":[4,3,2,2],"1":[19,18,17,15,14,13],"2":[7,6,5,2],"3":[9,8,7,5],"4":[0],"5":[0],"6":[1],"7":[1],"8":[11,11],"9":[1],"10":[11,11,11]}}
}
