TN:
SF:src\CanvasHandler.ts
FN:11,(anonymous_0)
FN:29,(anonymous_1)
FN:67,(anonymous_2)
FN:80,(anonymous_3)
FN:87,(anonymous_4)
FN:91,(anonymous_5)
FN:108,(anonymous_6)
FN:143,(anonymous_7)
FN:151,(anonymous_8)
FNF:9
FNH:9
FNDA:6,(anonymous_0)
FNDA:2,(anonymous_1)
FNDA:2,(anonymous_2)
FNDA:2,(anonymous_3)
FNDA:2,(anonymous_4)
FNDA:2,(anonymous_5)
FNDA:1,(anonymous_6)
FNDA:2,(anonymous_7)
FNDA:2,(anonymous_8)
DA:1,1
DA:12,6
DA:13,6
DA:14,6
DA:15,6
DA:17,6
DA:30,2
DA:32,2
DA:33,2
DA:34,2
DA:35,2
DA:38,2
DA:40,34
DA:41,34
DA:42,34
DA:44,34
DA:46,2
DA:48,2
DA:50,2
DA:51,2
DA:55,32
DA:58,34
DA:59,2
DA:64,2
DA:68,2
DA:70,2
DA:71,2
DA:72,2
DA:73,2
DA:77,0
DA:81,2
DA:82,2
DA:83,2
DA:84,2
DA:88,2
DA:92,2
DA:93,2
DA:94,2
DA:95,2
DA:96,2
DA:97,1
DA:98,1
DA:99,1
DA:100,1
DA:101,2
DA:105,2
DA:109,1
DA:110,1
DA:111,1
DA:112,1
DA:113,1
DA:115,1
DA:116,1
DA:117,1
DA:118,2
DA:119,2
DA:120,2
DA:121,2
DA:123,2
DA:124,2
DA:125,2
DA:127,2
DA:128,1
DA:129,1
DA:130,1
DA:132,1
DA:133,1
DA:136,2
DA:140,1
DA:144,2
DA:146,2
DA:147,1
DA:152,2
DA:154,2
DA:155,2
DA:156,2
DA:160,1
LF:77
LH:76
BRDA:44,0,0,2
BRDA:44,0,1,32
BRDA:44,1,0,34
BRDA:44,1,1,2
BRDA:46,2,0,0
BRDA:46,2,1,2
BRDA:58,3,0,2
BRDA:70,4,0,2
BRDA:70,5,0,2
BRDA:70,5,1,0
BRDA:99,6,0,1
BRDA:99,6,1,0
BRDA:116,7,0,1
BRDA:116,7,1,0
BRDA:127,8,0,1
BRF:15
BRH:11
end_of_record
TN:
SF:src\constants.ts
FNF:0
FNH:0
DA:1,1
DA:3,1
DA:5,1
DA:12,1
DA:17,1
LF:5
LH:5
BRF:0
BRH:0
end_of_record
TN:
SF:src\index.ts
FN:38,(anonymous_1)
FN:43,(anonymous_2)
FN:250,(anonymous_3)
FN:262,(anonymous_4)
FN:274,(anonymous_5)
FN:331,(anonymous_6)
FN:338,(anonymous_7)
FN:361,(anonymous_8)
FN:373,(anonymous_9)
FN:404,(anonymous_10)
FN:409,(anonymous_11)
FN:415,(anonymous_12)
FN:419,(anonymous_13)
FN:423,(anonymous_14)
FN:427,(anonymous_15)
FN:431,(anonymous_16)
FNF:16
FNH:13
FNDA:6,(anonymous_1)
FNDA:14,(anonymous_2)
FNDA:6,(anonymous_3)
FNDA:0,(anonymous_4)
FNDA:0,(anonymous_5)
FNDA:0,(anonymous_6)
FNDA:12,(anonymous_7)
FNDA:12,(anonymous_8)
FNDA:13,(anonymous_9)
FNDA:2,(anonymous_10)
FNDA:1,(anonymous_11)
FNDA:5,(anonymous_12)
FNDA:2,(anonymous_13)
FNDA:2,(anonymous_14)
FNDA:2,(anonymous_15)
FNDA:2,(anonymous_16)
DA:1,1
DA:2,1
DA:3,1
DA:4,1
DA:8,1
DA:10,1
DA:29,1
DA:30,1
DA:39,6
DA:44,14
DA:62,14
DA:64,14
DA:65,6
DA:66,6
DA:67,6
DA:68,6
DA:69,6
DA:71,6
DA:73,6
DA:74,0
DA:76,6
DA:78,6
DA:182,6
DA:183,6
DA:186,6
DA:188,0
DA:190,6
DA:193,6
DA:194,6
DA:196,6
DA:197,6
DA:198,6
DA:199,6
DA:201,6
DA:202,6
DA:204,6
DA:205,6
DA:206,6
DA:207,6
DA:209,6
DA:212,6
DA:214,1
DA:215,1
DA:216,1
DA:217,1
DA:219,1
DA:220,1
DA:221,1
DA:222,1
DA:224,3
DA:225,3
DA:226,3
DA:227,3
DA:229,1
DA:230,1
DA:231,1
DA:232,1
DA:235,6
DA:236,6
DA:237,6
DA:238,6
DA:240,6
DA:241,6
DA:243,6
DA:245,6
DA:251,6
DA:252,6
DA:253,6
DA:254,6
DA:255,6
DA:256,6
DA:257,6
DA:258,6
DA:259,6
DA:260,6
DA:261,6
DA:262,6
DA:263,0
DA:264,0
DA:265,0
DA:266,0
DA:267,0
DA:268,0
DA:269,0
DA:270,0
DA:271,0
DA:274,6
DA:275,0
DA:276,0
DA:277,0
DA:278,0
DA:279,0
DA:280,0
DA:282,0
DA:283,0
DA:287,0
DA:288,0
DA:289,0
DA:290,0
DA:291,0
DA:292,0
DA:294,0
DA:295,0
DA:296,0
DA:300,0
DA:301,0
DA:302,0
DA:303,0
DA:304,0
DA:305,0
DA:307,0
DA:308,0
DA:309,0
DA:314,0
DA:315,0
DA:316,0
DA:317,0
DA:318,0
DA:319,0
DA:321,0
DA:322,0
DA:323,0
DA:328,0
DA:331,6
DA:332,0
DA:339,12
DA:341,12
DA:342,0
DA:343,0
DA:344,0
DA:346,0
DA:349,0
DA:351,12
DA:352,1
DA:355,12
DA:356,12
DA:358,12
DA:362,12
DA:364,12
DA:365,1
DA:368,12
DA:370,12
DA:374,13
DA:375,12
DA:376,12
DA:378,12
DA:379,12
DA:380,12
DA:382,12
DA:383,12
DA:384,1
DA:387,12
DA:389,12
DA:390,12
DA:392,12
DA:394,0
DA:405,2
DA:406,2
DA:410,1
DA:411,1
DA:412,1
DA:416,5
DA:420,2
DA:424,2
DA:428,2
DA:432,2
DA:436,1
LF:167
LH:113
BRDA:8,0,0,1
BRDA:8,0,1,1
BRDA:39,1,0,6
BRDA:39,1,1,5
BRDA:43,2,0,0
BRDA:45,3,0,14
BRDA:45,3,1,0
BRDA:46,4,0,14
BRDA:46,4,1,0
BRDA:47,5,0,14
BRDA:47,5,1,14
BRDA:49,6,0,14
BRDA:49,6,1,14
BRDA:50,7,0,14
BRDA:50,7,1,13
BRDA:51,8,0,14
BRDA:51,8,1,10
BRDA:52,9,0,14
BRDA:52,9,1,14
BRDA:53,10,0,14
BRDA:53,10,1,14
BRDA:56,11,0,14
BRDA:56,11,1,14
BRDA:57,12,0,14
BRDA:57,12,1,14
BRDA:58,13,0,14
BRDA:58,13,1,14
BRDA:64,14,0,6
BRDA:64,15,0,14
BRDA:64,15,1,13
BRDA:64,15,2,6
BRDA:73,16,0,0
BRDA:73,16,1,6
BRDA:150,17,0,2
BRDA:150,17,1,4
BRDA:155,18,0,0
BRDA:155,18,1,6
BRDA:155,19,0,6
BRDA:155,19,1,6
BRDA:164,20,0,0
BRDA:164,20,1,6
BRDA:164,21,0,6
BRDA:164,21,1,6
BRDA:168,22,0,0
BRDA:168,22,1,6
BRDA:168,23,0,6
BRDA:168,23,1,6
BRDA:172,24,0,0
BRDA:172,24,1,6
BRDA:172,25,0,6
BRDA:172,25,1,6
BRDA:186,26,0,0
BRDA:186,26,1,6
BRDA:193,27,0,6
BRDA:193,27,1,0
BRDA:201,28,0,6
BRDA:212,29,0,1
BRDA:212,29,1,1
BRDA:212,29,2,3
BRDA:212,29,3,1
BRDA:251,30,0,6
BRDA:275,31,0,0
BRDA:275,31,1,0
BRDA:278,32,0,0
BRDA:282,33,0,0
BRDA:287,34,0,0
BRDA:287,34,1,0
BRDA:290,35,0,0
BRDA:294,36,0,0
BRDA:300,37,0,0
BRDA:300,37,1,0
BRDA:303,38,0,0
BRDA:307,39,0,0
BRDA:316,40,0,0
BRDA:321,41,0,0
BRDA:341,42,0,0
BRDA:341,42,1,12
BRDA:342,43,0,0
BRDA:342,43,1,0
BRDA:346,44,0,0
BRDA:346,44,1,0
BRDA:349,45,0,0
BRDA:349,45,1,0
BRDA:351,46,0,1
BRDA:364,47,0,1
BRDA:373,48,0,9
BRDA:374,49,0,12
BRDA:379,50,0,2
BRDA:379,50,1,10
BRDA:383,51,0,1
BRDA:383,52,0,12
BRDA:383,52,1,1
BRDA:387,53,0,8
BRDA:387,53,1,4
BRDA:387,54,0,2
BRDA:387,54,1,2
BRDA:389,55,0,12
BRDA:389,55,1,0
BRDA:397,56,0,0
BRDA:397,56,1,0
BRF:100
BRH:66
end_of_record
TN:
SF:src\utils.ts
FN:3,(anonymous_0)
FN:5,(anonymous_1)
FN:7,(anonymous_2)
FN:9,(anonymous_3)
FN:11,(anonymous_4)
FN:13,(anonymous_5)
FN:15,(anonymous_6)
FN:17,(anonymous_7)
FN:31,(anonymous_8)
FN:39,(anonymous_9)
FN:51,(anonymous_10)
FN:83,(anonymous_11)
FNF:12
FNH:11
FNDA:53,(anonymous_0)
FNDA:50,(anonymous_1)
FNDA:4,(anonymous_2)
FNDA:31,(anonymous_3)
FNDA:6,(anonymous_4)
FNDA:7,(anonymous_5)
FNDA:9,(anonymous_6)
FNDA:12,(anonymous_7)
FNDA:12,(anonymous_8)
FNDA:12,(anonymous_9)
FNDA:11,(anonymous_10)
FNDA:0,(anonymous_11)
DA:3,53
DA:5,50
DA:7,4
DA:9,31
DA:11,6
DA:13,7
DA:15,9
DA:17,2
DA:18,12
DA:20,12
DA:21,0
DA:24,12
DA:25,0
DA:28,12
DA:31,2
DA:32,12
DA:34,12
DA:36,12
DA:39,2
DA:40,12
DA:41,12
DA:42,12
DA:43,12
DA:44,12
DA:45,12
DA:46,12
DA:48,12
DA:51,2
DA:53,11
DA:56,11
DA:57,11
DA:59,11
DA:60,11
DA:62,11
DA:63,11
DA:65,11
DA:68,11
DA:69,11
DA:70,1
DA:72,11
DA:73,1
DA:75,11
DA:76,1
DA:78,11
DA:80,11
DA:83,2
DA:84,0
DA:86,0
DA:87,0
DA:88,0
DA:91,0
LF:51
LH:44
BRDA:7,0,0,4
BRDA:7,0,1,3
BRDA:7,0,2,2
BRDA:7,0,3,2
BRDA:9,1,0,31
BRDA:9,1,1,30
BRDA:9,1,2,29
BRDA:9,1,3,26
BRDA:9,1,4,25
BRDA:9,1,5,24
BRDA:13,2,0,7
BRDA:13,2,1,6
BRDA:13,2,2,5
BRDA:13,2,3,2
BRDA:15,3,0,9
BRDA:15,3,1,8
BRDA:15,3,2,7
BRDA:15,3,3,5
BRDA:20,4,0,0
BRDA:24,5,0,0
BRDA:69,6,0,1
BRDA:72,7,0,1
BRDA:72,8,0,11
BRDA:72,8,1,11
BRDA:75,9,0,1
BRDA:75,10,0,11
BRDA:75,10,1,11
BRDA:75,10,2,11
BRF:28
BRH:26
end_of_record
