TN:
SF:src\CanvasHandler.ts
FN:11,(anonymous_0)
FN:29,(anonymous_1)
FN:67,(anonymous_2)
FN:80,(anonymous_3)
FN:87,(anonymous_4)
FN:91,(anonymous_5)
FN:108,(anonymous_6)
FN:143,(anonymous_7)
FN:151,(anonymous_8)
FNF:9
FNH:9
FNDA:6,(anonymous_0)
FNDA:2,(anonymous_1)
FNDA:2,(anonymous_2)
FNDA:2,(anonymous_3)
FNDA:2,(anonymous_4)
FNDA:2,(anonymous_5)
FNDA:1,(anonymous_6)
FNDA:2,(anonymous_7)
FNDA:2,(anonymous_8)
DA:1,1
DA:12,6
DA:13,6
DA:14,6
DA:15,6
DA:17,6
DA:30,2
DA:32,2
DA:33,2
DA:34,2
DA:35,2
DA:38,2
DA:40,34
DA:41,34
DA:42,34
DA:44,34
DA:46,2
DA:48,2
DA:50,2
DA:51,2
DA:55,32
DA:58,34
DA:59,2
DA:64,2
DA:68,2
DA:70,2
DA:71,2
DA:72,2
DA:73,2
DA:77,0
DA:81,2
DA:82,2
DA:83,2
DA:84,2
DA:88,2
DA:92,2
DA:93,2
DA:94,2
DA:95,2
DA:96,2
DA:97,1
DA:98,1
DA:99,1
DA:100,1
DA:101,2
DA:105,2
DA:109,1
DA:110,1
DA:111,1
DA:112,1
DA:113,1
DA:115,1
DA:116,1
DA:117,1
DA:118,2
DA:119,2
DA:120,2
DA:121,2
DA:123,2
DA:124,2
DA:125,2
DA:127,2
DA:128,1
DA:129,1
DA:130,1
DA:132,1
DA:133,1
DA:136,2
DA:140,1
DA:144,2
DA:146,2
DA:147,1
DA:152,2
DA:154,2
DA:155,2
DA:156,2
DA:160,1
LF:77
LH:76
BRDA:44,0,0,2
BRDA:44,0,1,32
BRDA:44,1,0,34
BRDA:44,1,1,2
BRDA:46,2,0,0
BRDA:46,2,1,2
BRDA:58,3,0,2
BRDA:70,4,0,2
BRDA:70,5,0,2
BRDA:70,5,1,0
BRDA:99,6,0,1
BRDA:99,6,1,0
BRDA:116,7,0,1
BRDA:116,7,1,0
BRDA:127,8,0,1
BRF:15
BRH:11
end_of_record
TN:
SF:src\constants.ts
FNF:0
FNH:0
DA:1,1
DA:3,1
DA:5,1
DA:12,1
DA:17,1
LF:5
LH:5
BRF:0
BRH:0
end_of_record
TN:
SF:src\index.ts
FN:38,(anonymous_1)
FN:43,(anonymous_2)
FN:249,(anonymous_3)
FN:261,(anonymous_4)
FN:273,(anonymous_5)
FN:330,(anonymous_6)
FN:337,(anonymous_7)
FN:370,(anonymous_8)
FN:375,(anonymous_9)
FN:381,(anonymous_10)
FN:385,(anonymous_11)
FN:389,(anonymous_12)
FN:393,(anonymous_13)
FN:397,(anonymous_14)
FNF:14
FNH:11
FNDA:6,(anonymous_1)
FNDA:14,(anonymous_2)
FNDA:6,(anonymous_3)
FNDA:0,(anonymous_4)
FNDA:0,(anonymous_5)
FNDA:0,(anonymous_6)
FNDA:13,(anonymous_7)
FNDA:2,(anonymous_8)
FNDA:1,(anonymous_9)
FNDA:5,(anonymous_10)
FNDA:2,(anonymous_11)
FNDA:2,(anonymous_12)
FNDA:2,(anonymous_13)
FNDA:2,(anonymous_14)
DA:1,1
DA:2,1
DA:3,1
DA:4,1
DA:8,1
DA:10,1
DA:29,1
DA:30,1
DA:39,6
DA:44,14
DA:62,14
DA:64,14
DA:65,6
DA:66,6
DA:67,6
DA:68,6
DA:69,6
DA:71,6
DA:73,6
DA:74,0
DA:76,6
DA:78,6
DA:182,6
DA:183,6
DA:186,6
DA:188,0
DA:190,6
DA:193,6
DA:194,6
DA:196,6
DA:197,6
DA:198,6
DA:199,6
DA:201,6
DA:202,6
DA:203,6
DA:204,6
DA:205,6
DA:206,6
DA:208,6
DA:211,6
DA:213,1
DA:214,1
DA:215,1
DA:216,1
DA:218,1
DA:219,1
DA:220,1
DA:221,1
DA:223,3
DA:224,3
DA:225,3
DA:226,3
DA:228,1
DA:229,1
DA:230,1
DA:231,1
DA:234,6
DA:235,6
DA:236,6
DA:237,6
DA:239,6
DA:240,6
DA:242,6
DA:244,6
DA:250,6
DA:251,6
DA:252,6
DA:253,6
DA:254,6
DA:255,6
DA:256,6
DA:257,6
DA:258,6
DA:259,6
DA:260,6
DA:261,6
DA:262,0
DA:263,0
DA:264,0
DA:265,0
DA:266,0
DA:267,0
DA:268,0
DA:269,0
DA:270,0
DA:273,6
DA:274,0
DA:275,0
DA:276,0
DA:277,0
DA:278,0
DA:279,0
DA:281,0
DA:282,0
DA:286,0
DA:287,0
DA:288,0
DA:289,0
DA:290,0
DA:291,0
DA:293,0
DA:294,0
DA:295,0
DA:299,0
DA:300,0
DA:301,0
DA:302,0
DA:303,0
DA:304,0
DA:306,0
DA:307,0
DA:308,0
DA:313,0
DA:314,0
DA:315,0
DA:316,0
DA:317,0
DA:318,0
DA:320,0
DA:321,0
DA:322,0
DA:327,0
DA:330,6
DA:331,0
DA:338,13
DA:339,12
DA:340,1
DA:343,12
DA:344,12
DA:345,12
DA:346,12
DA:348,12
DA:349,12
DA:350,1
DA:353,12
DA:355,12
DA:356,12
DA:358,12
DA:360,0
DA:371,2
DA:372,2
DA:376,1
DA:377,1
DA:378,1
DA:382,5
DA:386,2
DA:390,2
DA:394,2
DA:398,2
DA:431,1
LF:151
LH:102
BRDA:8,0,0,1
BRDA:8,0,1,1
BRDA:39,1,0,6
BRDA:39,1,1,5
BRDA:43,2,0,0
BRDA:45,3,0,14
BRDA:45,3,1,0
BRDA:46,4,0,14
BRDA:46,4,1,0
BRDA:47,5,0,14
BRDA:47,5,1,0
BRDA:48,6,0,14
BRDA:48,6,1,14
BRDA:49,7,0,14
BRDA:49,7,1,13
BRDA:50,8,0,14
BRDA:50,8,1,10
BRDA:51,9,0,14
BRDA:51,9,1,14
BRDA:52,10,0,14
BRDA:52,10,1,14
BRDA:55,11,0,14
BRDA:55,11,1,14
BRDA:56,12,0,14
BRDA:56,12,1,14
BRDA:57,13,0,14
BRDA:57,13,1,14
BRDA:58,14,0,14
BRDA:58,14,1,14
BRDA:64,15,0,6
BRDA:64,16,0,14
BRDA:64,16,1,13
BRDA:64,16,2,6
BRDA:73,17,0,0
BRDA:73,17,1,6
BRDA:150,18,0,2
BRDA:150,18,1,4
BRDA:155,19,0,0
BRDA:155,19,1,6
BRDA:155,20,0,6
BRDA:155,20,1,6
BRDA:164,21,0,0
BRDA:164,21,1,6
BRDA:164,22,0,6
BRDA:164,22,1,6
BRDA:168,23,0,0
BRDA:168,23,1,6
BRDA:168,24,0,6
BRDA:168,24,1,6
BRDA:172,25,0,0
BRDA:172,25,1,6
BRDA:172,26,0,6
BRDA:172,26,1,6
BRDA:186,27,0,0
BRDA:186,27,1,6
BRDA:193,28,0,6
BRDA:193,28,1,0
BRDA:201,29,0,6
BRDA:211,30,0,1
BRDA:211,30,1,1
BRDA:211,30,2,3
BRDA:211,30,3,1
BRDA:250,31,0,6
BRDA:274,32,0,0
BRDA:274,32,1,0
BRDA:277,33,0,0
BRDA:281,34,0,0
BRDA:286,35,0,0
BRDA:286,35,1,0
BRDA:289,36,0,0
BRDA:293,37,0,0
BRDA:299,38,0,0
BRDA:299,38,1,0
BRDA:302,39,0,0
BRDA:306,40,0,0
BRDA:315,41,0,0
BRDA:320,42,0,0
BRDA:337,43,0,9
BRDA:338,44,0,12
BRDA:339,45,0,1
BRDA:344,46,0,2
BRDA:344,46,1,10
BRDA:349,47,0,1
BRDA:349,48,0,12
BRDA:349,48,1,1
BRDA:353,49,0,8
BRDA:353,49,1,4
BRDA:353,50,0,2
BRDA:353,50,1,2
BRDA:355,51,0,12
BRDA:355,51,1,0
BRDA:363,52,0,0
BRDA:363,52,1,0
BRF:93
BRH:65
end_of_record
TN:
SF:src\utils.ts
FN:1,(anonymous_0)
FN:3,(anonymous_1)
FN:5,(anonymous_2)
FN:7,(anonymous_3)
FN:9,(anonymous_4)
FN:11,(anonymous_5)
FN:13,(anonymous_6)
FN:15,(anonymous_7)
FN:29,(anonymous_8)
FN:37,(anonymous_9)
FN:49,(anonymous_10)
FNF:11
FNH:11
FNDA:41,(anonymous_0)
FNDA:38,(anonymous_1)
FNDA:4,(anonymous_2)
FNDA:19,(anonymous_3)
FNDA:6,(anonymous_4)
FNDA:7,(anonymous_5)
FNDA:9,(anonymous_6)
FNDA:12,(anonymous_7)
FNDA:12,(anonymous_8)
FNDA:12,(anonymous_9)
FNDA:11,(anonymous_10)
DA:1,41
DA:3,38
DA:5,4
DA:7,19
DA:9,6
DA:11,7
DA:13,9
DA:15,2
DA:16,12
DA:18,12
DA:19,0
DA:22,12
DA:23,0
DA:26,12
DA:29,2
DA:30,12
DA:32,12
DA:34,12
DA:37,2
DA:38,12
DA:39,12
DA:40,12
DA:41,12
DA:42,12
DA:43,12
DA:44,12
DA:46,12
DA:49,2
DA:51,11
DA:54,11
DA:55,11
DA:57,11
DA:58,11
DA:60,11
DA:61,11
DA:63,11
DA:66,11
DA:67,11
DA:68,1
DA:70,11
DA:71,1
DA:73,11
DA:74,1
DA:76,11
DA:78,11
DA:81,2
LF:46
LH:44
BRDA:5,0,0,4
BRDA:5,0,1,3
BRDA:5,0,2,2
BRDA:5,0,3,2
BRDA:7,1,0,19
BRDA:7,1,1,18
BRDA:7,1,2,17
BRDA:7,1,3,15
BRDA:7,1,4,14
BRDA:7,1,5,13
BRDA:11,2,0,7
BRDA:11,2,1,6
BRDA:11,2,2,5
BRDA:11,2,3,2
BRDA:13,3,0,9
BRDA:13,3,1,8
BRDA:13,3,2,7
BRDA:13,3,3,5
BRDA:18,4,0,0
BRDA:22,5,0,0
BRDA:67,6,0,1
BRDA:70,7,0,1
BRDA:70,8,0,11
BRDA:70,8,1,11
BRDA:73,9,0,1
BRDA:73,10,0,11
BRDA:73,10,1,11
BRDA:73,10,2,11
BRF:28
BRH:26
end_of_record
